<?xml version="1.0" encoding="UTF-8"?>
<!-- Generated by org.testng.reporters.JUnitReportReporter -->
<testsuite hostname="LAPTOP-PJV4T4TI" failures="0" tests="1" name="NotepadTest" time="1.847" errors="0" timestamp="2021-04-21T00:12:03 IST" skipped="0">
  <testcase classname="NotepadTest" name="checkAboutWindow" time="1.847"/>
  <system-out/>
</testsuite> <!-- NotepadTest -->
